<?xml version="1.0" encoding="UTF-8"?>
<!-- Generated by org.testng.reporters.JUnitReportReporter -->
<testsuite hostname="CPDK152" failures="0" tests="1" name="com.APITesting.JSONSchemaval" time="3.970" errors="0" timestamp="2024-07-05T17:05:23 IST" skipped="0">
  <testcase classname="com.APITesting.JSONSchemaval" name="testGet1" time="3.970"/>
</testsuite> <!-- com.APITesting.JSONSchemaval -->
