<?xml version="1.0" encoding="UTF-8"?>
<!-- Generated by org.testng.reporters.JUnitReportReporter -->
<testsuite hostname="CPDK152" failures="0" tests="1" name="com.APITesting.PUTPATCHandDELETERequest" time="3.822" errors="0" timestamp="2024-07-05T15:16:25 IST" skipped="0">
  <testcase classname="com.APITesting.PUTPATCHandDELETERequest" name="DeleteRequest" time="3.822"/>
</testsuite> <!-- com.APITesting.PUTPATCHandDELETERequest -->
