<?xml version="1.0" encoding="UTF-8"?>
<!-- Generated by org.testng.reporters.JUnitReportReporter -->
<testsuite hostname="CPDK152" failures="0" tests="1" name="com.APITesting.FirstTest" time="9.738" errors="0" timestamp="2024-07-05T17:00:34 IST" skipped="0">
  <testcase classname="com.APITesting.FirstTest" name="GETApiTest2" time="9.738"/>
</testsuite> <!-- com.APITesting.FirstTest -->
